2025-06-14T04:17:23.514Z CLI debug [testhub:service]     loaded module: _0x57e3a1
2025-06-14T04:17:23.515Z CLI debug [instrumentation:service]     loaded module: instrumentation:module
2025-06-14T04:17:23.516Z CLI debug [observability:service]     loaded module: observability:module
2025-06-14T04:17:23.517Z CLI debug [accessibility:service]     loaded module: accessibility:module
2025-06-14T04:17:23.517Z CLI debug [ai:service]     loaded module: _0x1f56ff
2025-06-14T04:17:23.518Z CLI debug [percy:service]     loaded module: _0x45893d
2025-06-14T04:17:23.522Z CLI debug [local:service]     loaded module: _0x46797b
2025-06-14T04:17:23.523Z CLI debug [appautomate:service]     loaded module: appautomate:module
2025-06-14T04:17:23.767Z CLI debug [main]     Starting main function execution
2025-06-14T04:17:23.772Z CLI debug [main]     Executing CLI
2025-06-14T04:20:04.623Z CLI debug [testhub:service]     loaded module: _0x57e3a1
2025-06-14T04:20:04.625Z CLI debug [instrumentation:service]     loaded module: instrumentation:module
2025-06-14T04:20:04.626Z CLI debug [observability:service]     loaded module: observability:module
2025-06-14T04:20:04.627Z CLI debug [accessibility:service]     loaded module: accessibility:module
2025-06-14T04:20:04.628Z CLI debug [ai:service]     loaded module: _0x1f56ff
2025-06-14T04:20:04.629Z CLI debug [percy:service]     loaded module: _0x45893d
2025-06-14T04:20:04.632Z CLI debug [local:service]     loaded module: _0x46797b
2025-06-14T04:20:04.632Z CLI debug [appautomate:service]     loaded module: appautomate:module
2025-06-14T04:20:04.885Z CLI debug [main]     Starting main function execution
2025-06-14T04:20:04.890Z CLI debug [main]     Executing CLI
2025-06-14T04:22:10.654Z CLI debug [testhub:service]     loaded module: _0x57e3a1
2025-06-14T04:22:10.655Z CLI debug [instrumentation:service]     loaded module: instrumentation:module
2025-06-14T04:22:10.655Z CLI debug [observability:service]     loaded module: observability:module
2025-06-14T04:22:10.656Z CLI debug [accessibility:service]     loaded module: accessibility:module
2025-06-14T04:22:10.657Z CLI debug [ai:service]     loaded module: _0x1f56ff
2025-06-14T04:22:10.658Z CLI debug [percy:service]     loaded module: _0x45893d
2025-06-14T04:22:10.660Z CLI debug [local:service]     loaded module: _0x46797b
2025-06-14T04:22:10.660Z CLI debug [appautomate:service]     loaded module: appautomate:module
2025-06-14T04:22:10.816Z CLI debug [main]     Starting main function execution
2025-06-14T04:22:10.820Z CLI debug [main]     Executing CLI
2025-06-14T04:25:10.086Z CLI debug [testhub:service]     loaded module: _0x57e3a1
2025-06-14T04:25:10.087Z CLI debug [instrumentation:service]     loaded module: instrumentation:module
2025-06-14T04:25:10.088Z CLI debug [observability:service]     loaded module: observability:module
2025-06-14T04:25:10.089Z CLI debug [accessibility:service]     loaded module: accessibility:module
2025-06-14T04:25:10.089Z CLI debug [ai:service]     loaded module: _0x1f56ff
2025-06-14T04:25:10.090Z CLI debug [percy:service]     loaded module: _0x45893d
2025-06-14T04:25:10.093Z CLI debug [local:service]     loaded module: _0x46797b
2025-06-14T04:25:10.094Z CLI debug [appautomate:service]     loaded module: appautomate:module
2025-06-14T04:25:10.284Z CLI debug [main]     Starting main function execution
2025-06-14T04:25:10.288Z CLI debug [main]     Executing CLI
2025-06-14T04:27:44.365Z CLI debug [testhub:service]     loaded module: _0x57e3a1
2025-06-14T04:27:44.367Z CLI debug [instrumentation:service]     loaded module: instrumentation:module
2025-06-14T04:27:44.367Z CLI debug [observability:service]     loaded module: observability:module
2025-06-14T04:27:44.369Z CLI debug [accessibility:service]     loaded module: accessibility:module
2025-06-14T04:27:44.370Z CLI debug [ai:service]     loaded module: _0x1f56ff
2025-06-14T04:27:44.371Z CLI debug [percy:service]     loaded module: _0x45893d
2025-06-14T04:27:44.374Z CLI debug [local:service]     loaded module: _0x46797b
2025-06-14T04:27:44.375Z CLI debug [appautomate:service]     loaded module: appautomate:module
2025-06-14T04:27:44.802Z CLI debug [main]     Starting main function execution
2025-06-14T04:27:44.807Z CLI debug [main]     Executing CLI
2025-06-14T04:31:16.769Z CLI debug [testhub:service]     loaded module: _0x57e3a1
2025-06-14T04:31:16.770Z CLI debug [instrumentation:service]     loaded module: instrumentation:module
2025-06-14T04:31:16.771Z CLI debug [observability:service]     loaded module: observability:module
2025-06-14T04:31:16.772Z CLI debug [accessibility:service]     loaded module: accessibility:module
2025-06-14T04:31:16.772Z CLI debug [ai:service]     loaded module: _0x1f56ff
2025-06-14T04:31:16.773Z CLI debug [percy:service]     loaded module: _0x45893d
2025-06-14T04:31:16.775Z CLI debug [local:service]     loaded module: _0x46797b
2025-06-14T04:31:16.775Z CLI debug [appautomate:service]     loaded module: appautomate:module
2025-06-14T04:31:16.963Z CLI debug [main]     Starting main function execution
2025-06-14T04:31:16.966Z CLI debug [main]     Executing CLI
2025-06-14T04:32:53.687Z CLI debug [testhub:service]     loaded module: _0x57e3a1
2025-06-14T04:32:53.688Z CLI debug [instrumentation:service]     loaded module: instrumentation:module
2025-06-14T04:32:53.689Z CLI debug [observability:service]     loaded module: observability:module
2025-06-14T04:32:53.690Z CLI debug [accessibility:service]     loaded module: accessibility:module
2025-06-14T04:32:53.690Z CLI debug [ai:service]     loaded module: _0x1f56ff
2025-06-14T04:32:53.691Z CLI debug [percy:service]     loaded module: _0x45893d
2025-06-14T04:32:53.693Z CLI debug [local:service]     loaded module: _0x46797b
2025-06-14T04:32:53.693Z CLI debug [appautomate:service]     loaded module: appautomate:module
2025-06-14T04:32:53.884Z CLI debug [main]     Starting main function execution
2025-06-14T04:32:53.887Z CLI debug [main]     Executing CLI
2025-06-14T04:35:52.321Z CLI debug [testhub:service]     loaded module: _0x57e3a1
2025-06-14T04:35:52.322Z CLI debug [instrumentation:service]     loaded module: instrumentation:module
2025-06-14T04:35:52.322Z CLI debug [observability:service]     loaded module: observability:module
2025-06-14T04:35:52.323Z CLI debug [accessibility:service]     loaded module: accessibility:module
2025-06-14T04:35:52.324Z CLI debug [ai:service]     loaded module: _0x1f56ff
2025-06-14T04:35:52.324Z CLI debug [percy:service]     loaded module: _0x45893d
2025-06-14T04:35:52.326Z CLI debug [local:service]     loaded module: _0x46797b
2025-06-14T04:35:52.327Z CLI debug [appautomate:service]     loaded module: appautomate:module
2025-06-14T04:35:52.502Z CLI debug [main]     Starting main function execution
2025-06-14T04:35:52.506Z CLI debug [main]     Executing CLI
2025-06-14T04:37:11.903Z CLI debug [testhub:service]     loaded module: _0x57e3a1
2025-06-14T04:37:11.905Z CLI debug [instrumentation:service]     loaded module: instrumentation:module
2025-06-14T04:37:11.905Z CLI debug [observability:service]     loaded module: observability:module
2025-06-14T04:37:11.906Z CLI debug [accessibility:service]     loaded module: accessibility:module
2025-06-14T04:37:11.907Z CLI debug [ai:service]     loaded module: _0x1f56ff
2025-06-14T04:37:11.908Z CLI debug [percy:service]     loaded module: _0x45893d
2025-06-14T04:37:11.910Z CLI debug [local:service]     loaded module: _0x46797b
2025-06-14T04:37:11.911Z CLI debug [appautomate:service]     loaded module: appautomate:module
2025-06-14T04:37:12.142Z CLI debug [main]     Starting main function execution
2025-06-14T04:37:12.147Z CLI debug [main]     Executing CLI
2025-06-14T04:41:47.348Z CLI debug [testhub:service]     loaded module: _0x57e3a1
2025-06-14T04:41:47.348Z CLI debug [instrumentation:service]     loaded module: instrumentation:module
2025-06-14T04:41:47.348Z CLI debug [observability:service]     loaded module: observability:module
2025-06-14T04:41:47.349Z CLI debug [accessibility:service]     loaded module: accessibility:module
2025-06-14T04:41:47.349Z CLI debug [ai:service]     loaded module: _0x1f56ff
2025-06-14T04:41:47.350Z CLI debug [percy:service]     loaded module: _0x45893d
2025-06-14T04:41:47.351Z CLI debug [local:service]     loaded module: _0x46797b
2025-06-14T04:41:47.351Z CLI debug [appautomate:service]     loaded module: appautomate:module
2025-06-14T04:41:47.514Z CLI debug [main]     Starting main function execution
2025-06-14T04:41:47.516Z CLI debug [main]     Executing CLI
2025-06-14T04:44:03.480Z CLI debug [testhub:service]     loaded module: _0x57e3a1
2025-06-14T04:44:03.481Z CLI debug [instrumentation:service]     loaded module: instrumentation:module
2025-06-14T04:44:03.482Z CLI debug [observability:service]     loaded module: observability:module
2025-06-14T04:44:03.483Z CLI debug [accessibility:service]     loaded module: accessibility:module
2025-06-14T04:44:03.483Z CLI debug [ai:service]     loaded module: _0x1f56ff
2025-06-14T04:44:03.484Z CLI debug [percy:service]     loaded module: _0x45893d
2025-06-14T04:44:03.486Z CLI debug [local:service]     loaded module: _0x46797b
2025-06-14T04:44:03.487Z CLI debug [appautomate:service]     loaded module: appautomate:module
2025-06-14T04:44:03.659Z CLI debug [main]     Starting main function execution
2025-06-14T04:44:03.663Z CLI debug [main]     Executing CLI
2025-06-14T04:44:34.521Z CLI debug [testhub:service]     loaded module: _0x57e3a1
2025-06-14T04:44:34.522Z CLI debug [instrumentation:service]     loaded module: instrumentation:module
2025-06-14T04:44:34.523Z CLI debug [observability:service]     loaded module: observability:module
2025-06-14T04:44:34.524Z CLI debug [accessibility:service]     loaded module: accessibility:module
2025-06-14T04:44:34.524Z CLI debug [ai:service]     loaded module: _0x1f56ff
2025-06-14T04:44:34.525Z CLI debug [percy:service]     loaded module: _0x45893d
2025-06-14T04:44:34.527Z CLI debug [local:service]     loaded module: _0x46797b
2025-06-14T04:44:34.527Z CLI debug [appautomate:service]     loaded module: appautomate:module
2025-06-14T04:44:34.758Z CLI debug [main]     Starting main function execution
2025-06-14T04:44:34.762Z CLI debug [main]     Executing CLI
2025-06-14T04:45:48.076Z CLI debug [testhub:service]     loaded module: _0x57e3a1
2025-06-14T04:45:48.076Z CLI debug [instrumentation:service]     loaded module: instrumentation:module
2025-06-14T04:45:48.076Z CLI debug [observability:service]     loaded module: observability:module
2025-06-14T04:45:48.077Z CLI debug [accessibility:service]     loaded module: accessibility:module
2025-06-14T04:45:48.077Z CLI debug [ai:service]     loaded module: _0x1f56ff
2025-06-14T04:45:48.077Z CLI debug [percy:service]     loaded module: _0x45893d
2025-06-14T04:45:48.078Z CLI debug [local:service]     loaded module: _0x46797b
2025-06-14T04:45:48.078Z CLI debug [appautomate:service]     loaded module: appautomate:module
2025-06-14T04:45:48.140Z CLI debug [main]     Starting main function execution
2025-06-14T04:45:48.142Z CLI debug [main]     Executing CLI
2025-06-14T04:46:44.663Z CLI debug [testhub:service]     loaded module: _0x57e3a1
2025-06-14T04:46:44.664Z CLI debug [instrumentation:service]     loaded module: instrumentation:module
2025-06-14T04:46:44.665Z CLI debug [observability:service]     loaded module: observability:module
2025-06-14T04:46:44.666Z CLI debug [accessibility:service]     loaded module: accessibility:module
2025-06-14T04:46:44.667Z CLI debug [ai:service]     loaded module: _0x1f56ff
2025-06-14T04:46:44.668Z CLI debug [percy:service]     loaded module: _0x45893d
2025-06-14T04:46:44.670Z CLI debug [local:service]     loaded module: _0x46797b
2025-06-14T04:46:44.670Z CLI debug [appautomate:service]     loaded module: appautomate:module
2025-06-14T04:46:44.867Z CLI debug [main]     Starting main function execution
2025-06-14T04:46:44.871Z CLI debug [main]     Executing CLI
2025-06-14T05:14:30.768Z CLI debug [testhub:service]     loaded module: _0x57e3a1
2025-06-14T05:14:30.769Z CLI debug [instrumentation:service]     loaded module: instrumentation:module
2025-06-14T05:14:30.770Z CLI debug [observability:service]     loaded module: observability:module
2025-06-14T05:14:30.771Z CLI debug [accessibility:service]     loaded module: accessibility:module
2025-06-14T05:14:30.772Z CLI debug [ai:service]     loaded module: _0x1f56ff
2025-06-14T05:14:30.773Z CLI debug [percy:service]     loaded module: _0x45893d
2025-06-14T05:14:30.775Z CLI debug [local:service]     loaded module: _0x46797b
2025-06-14T05:14:30.775Z CLI debug [appautomate:service]     loaded module: appautomate:module
2025-06-14T05:14:30.984Z CLI debug [main]     Starting main function execution
2025-06-14T05:14:30.988Z CLI debug [main]     Executing CLI
2025-06-14T05:17:18.644Z CLI debug [testhub:service]     loaded module: _0x57e3a1
2025-06-14T05:17:18.645Z CLI debug [instrumentation:service]     loaded module: instrumentation:module
2025-06-14T05:17:18.646Z CLI debug [observability:service]     loaded module: observability:module
2025-06-14T05:17:18.647Z CLI debug [accessibility:service]     loaded module: accessibility:module
2025-06-14T05:17:18.647Z CLI debug [ai:service]     loaded module: _0x1f56ff
2025-06-14T05:17:18.648Z CLI debug [percy:service]     loaded module: _0x45893d
2025-06-14T05:17:18.650Z CLI debug [local:service]     loaded module: _0x46797b
2025-06-14T05:17:18.651Z CLI debug [appautomate:service]     loaded module: appautomate:module
2025-06-14T05:17:18.858Z CLI debug [main]     Starting main function execution
2025-06-14T05:17:18.863Z CLI debug [main]     Executing CLI
2025-06-14T05:27:09.232Z CLI debug [testhub:service]     loaded module: _0x57e3a1
2025-06-14T05:27:09.234Z CLI debug [instrumentation:service]     loaded module: instrumentation:module
2025-06-14T05:27:09.234Z CLI debug [observability:service]     loaded module: observability:module
2025-06-14T05:27:09.235Z CLI debug [accessibility:service]     loaded module: accessibility:module
2025-06-14T05:27:09.236Z CLI debug [ai:service]     loaded module: _0x1f56ff
2025-06-14T05:27:09.237Z CLI debug [percy:service]     loaded module: _0x45893d
2025-06-14T05:27:09.239Z CLI debug [local:service]     loaded module: _0x46797b
2025-06-14T05:27:09.240Z CLI debug [appautomate:service]     loaded module: appautomate:module
2025-06-14T05:27:09.477Z CLI debug [main]     Starting main function execution
2025-06-14T05:27:09.479Z CLI debug [main]     Executing CLI
2025-06-14T05:29:05.019Z CLI debug [testhub:service]     loaded module: _0x57e3a1
2025-06-14T05:29:05.020Z CLI debug [instrumentation:service]     loaded module: instrumentation:module
2025-06-14T05:29:05.021Z CLI debug [observability:service]     loaded module: observability:module
2025-06-14T05:29:05.022Z CLI debug [accessibility:service]     loaded module: accessibility:module
2025-06-14T05:29:05.022Z CLI debug [ai:service]     loaded module: _0x1f56ff
2025-06-14T05:29:05.023Z CLI debug [percy:service]     loaded module: _0x45893d
2025-06-14T05:29:05.025Z CLI debug [local:service]     loaded module: _0x46797b
2025-06-14T05:29:05.026Z CLI debug [appautomate:service]     loaded module: appautomate:module
2025-06-14T05:29:05.219Z CLI debug [main]     Starting main function execution
2025-06-14T05:29:05.223Z CLI debug [main]     Executing CLI
2025-06-14T05:30:36.458Z CLI debug [testhub:service]     loaded module: _0x57e3a1
2025-06-14T05:30:36.459Z CLI debug [instrumentation:service]     loaded module: instrumentation:module
2025-06-14T05:30:36.460Z CLI debug [observability:service]     loaded module: observability:module
2025-06-14T05:30:36.461Z CLI debug [accessibility:service]     loaded module: accessibility:module
2025-06-14T05:30:36.462Z CLI debug [ai:service]     loaded module: _0x1f56ff
2025-06-14T05:30:36.463Z CLI debug [percy:service]     loaded module: _0x45893d
2025-06-14T05:30:36.466Z CLI debug [local:service]     loaded module: _0x46797b
2025-06-14T05:30:36.466Z CLI debug [appautomate:service]     loaded module: appautomate:module
2025-06-14T05:30:36.653Z CLI debug [main]     Starting main function execution
2025-06-14T05:30:36.657Z CLI debug [main]     Executing CLI
2025-06-14T05:32:26.479Z CLI debug [testhub:service]     loaded module: _0x57e3a1
2025-06-14T05:32:26.479Z CLI debug [instrumentation:service]     loaded module: instrumentation:module
2025-06-14T05:32:26.479Z CLI debug [observability:service]     loaded module: observability:module
2025-06-14T05:32:26.480Z CLI debug [accessibility:service]     loaded module: accessibility:module
2025-06-14T05:32:26.480Z CLI debug [ai:service]     loaded module: _0x1f56ff
2025-06-14T05:32:26.480Z CLI debug [percy:service]     loaded module: _0x45893d
2025-06-14T05:32:26.481Z CLI debug [local:service]     loaded module: _0x46797b
2025-06-14T05:32:26.481Z CLI debug [appautomate:service]     loaded module: appautomate:module
2025-06-14T05:32:26.571Z CLI debug [main]     Starting main function execution
2025-06-14T05:32:26.575Z CLI debug [main]     Executing CLI
